<?xml version="1.0" encoding="UTF-8"?>
<testsuite xmlns:xsi="http://www.w3.org/2001/XMLSchema-instance" xsi:noNamespaceSchemaLocation="https://maven.apache.org/surefire/maven-surefire-plugin/xsd/surefire-test-report-3.0.xsd" version="3.0" name="TestSuite" time="21.931" tests="4" errors="0" skipped="0" failures="0">
  <properties>
    <property name="java.specification.version" value="18"/>
    <property name="sun.cpu.isalist" value="amd64"/>
    <property name="sun.jnu.encoding" value="Cp1252"/>
    <property name="java.class.path" value="C:\Users\SAI\eclipse-workspacenew\PetStoreAutomation\target\test-classes;C:\Users\SAI\eclipse-workspacenew\PetStoreAutomation\target\classes;C:\Users\SAI\.m2\repository\io\rest-assured\rest-assured\5.4.0\rest-assured-5.4.0.jar;C:\Users\SAI\.m2\repository\org\apache\groovy\groovy\4.0.16\groovy-4.0.16.jar;C:\Users\SAI\.m2\repository\org\apache\groovy\groovy-xml\4.0.16\groovy-xml-4.0.16.jar;C:\Users\SAI\.m2\repository\org\apache\httpcomponents\httpclient\4.5.13\httpclient-4.5.13.jar;C:\Users\SAI\.m2\repository\org\apache\httpcomponents\httpcore\4.4.13\httpcore-4.4.13.jar;C:\Users\SAI\.m2\repository\commons-logging\commons-logging\1.2\commons-logging-1.2.jar;C:\Users\SAI\.m2\repository\org\apache\httpcomponents\httpmime\4.5.13\httpmime-4.5.13.jar;C:\Users\SAI\.m2\repository\org\hamcrest\hamcrest\2.2\hamcrest-2.2.jar;C:\Users\SAI\.m2\repository\org\ccil\cowan\tagsoup\tagsoup\1.2.1\tagsoup-1.2.1.jar;C:\Users\SAI\.m2\repository\io\rest-assured\json-path\5.4.0\json-path-5.4.0.jar;C:\Users\SAI\.m2\repository\org\apache\groovy\groovy-json\4.0.16\groovy-json-4.0.16.jar;C:\Users\SAI\.m2\repository\io\rest-assured\rest-assured-common\5.4.0\rest-assured-common-5.4.0.jar;C:\Users\SAI\.m2\repository\io\rest-assured\xml-path\5.4.0\xml-path-5.4.0.jar;C:\Users\SAI\.m2\repository\org\json\json\20240205\json-20240205.jar;C:\Users\SAI\.m2\repository\net\reini\slf4-cdi\1.0\slf4-cdi-1.0.jar;C:\Users\SAI\.m2\repository\org\slf4j\slf4j-api\1.7.25\slf4j-api-1.7.25.jar;C:\Users\SAI\.m2\repository\javax\enterprise\cdi-api\1.2\cdi-api-1.2.jar;C:\Users\SAI\.m2\repository\javax\el\javax.el-api\3.0.0\javax.el-api-3.0.0.jar;C:\Users\SAI\.m2\repository\javax\interceptor\javax.interceptor-api\1.2\javax.interceptor-api-1.2.jar;C:\Users\SAI\.m2\repository\javax\inject\javax.inject\1\javax.inject-1.jar;C:\Users\SAI\.m2\repository\org\apache\maven\maven-core\4.0.0-alpha-12\maven-core-4.0.0-alpha-12.jar;C:\Users\SAI\.m2\repository\org\apache\maven\maven-model\4.0.0-alpha-12\maven-model-4.0.0-alpha-12.jar;C:\Users\SAI\.m2\repository\org\apache\maven\maven-api-model\4.0.0-alpha-12\maven-api-model-4.0.0-alpha-12.jar;C:\Users\SAI\.m2\repository\org\apache\maven\maven-api-xml\4.0.0-alpha-12\maven-api-xml-4.0.0-alpha-12.jar;C:\Users\SAI\.m2\repository\org\apache\maven\maven-xml-impl\4.0.0-alpha-12\maven-xml-impl-4.0.0-alpha-12.jar;C:\Users\SAI\.m2\repository\com\fasterxml\woodstox\woodstox-core\6.5.1\woodstox-core-6.5.1.jar;C:\Users\SAI\.m2\repository\org\codehaus\woodstox\stax2-api\4.2.1\stax2-api-4.2.1.jar;C:\Users\SAI\.m2\repository\org\codehaus\plexus\plexus-xml\4.0.1\plexus-xml-4.0.1.jar;C:\Users\SAI\.m2\repository\org\apache\maven\maven-settings\4.0.0-alpha-12\maven-settings-4.0.0-alpha-12.jar;C:\Users\SAI\.m2\repository\org\apache\maven\maven-api-settings\4.0.0-alpha-12\maven-api-settings-4.0.0-alpha-12.jar;C:\Users\SAI\.m2\repository\org\apache\maven\maven-settings-builder\4.0.0-alpha-12\maven-settings-builder-4.0.0-alpha-12.jar;C:\Users\SAI\.m2\repository\org\apache\maven\maven-builder-support\4.0.0-alpha-12\maven-builder-support-4.0.0-alpha-12.jar;C:\Users\SAI\.m2\repository\org\codehaus\plexus\plexus-sec-dispatcher\2.0\plexus-sec-dispatcher-2.0.jar;C:\Users\SAI\.m2\repository\org\codehaus\plexus\plexus-utils\3.4.1\plexus-utils-3.4.1.jar;C:\Users\SAI\.m2\repository\org\codehaus\plexus\plexus-cipher\2.0\plexus-cipher-2.0.jar;C:\Users\SAI\.m2\repository\org\codehaus\plexus\plexus-interpolation\1.26\plexus-interpolation-1.26.jar;C:\Users\SAI\.m2\repository\org\apache\maven\maven-toolchain-model\4.0.0-alpha-12\maven-toolchain-model-4.0.0-alpha-12.jar;C:\Users\SAI\.m2\repository\org\apache\maven\maven-api-toolchain\4.0.0-alpha-12\maven-api-toolchain-4.0.0-alpha-12.jar;C:\Users\SAI\.m2\repository\org\apache\maven\maven-toolchain-builder\4.0.0-alpha-12\maven-toolchain-builder-4.0.0-alpha-12.jar;C:\Users\SAI\.m2\repository\org\apache\maven\maven-repository-metadata\4.0.0-alpha-12\maven-repository-metadata-4.0.0-alpha-12.jar;C:\Users\SAI\.m2\repository\org\apache\maven\maven-artifact\4.0.0-alpha-12\maven-artifact-4.0.0-alpha-12.jar;C:\Users\SAI\.m2\repository\org\apache\maven\maven-plugin-api\4.0.0-alpha-12\maven-plugin-api-4.0.0-alpha-12.jar;C:\Users\SAI\.m2\repository\org\apache\maven\maven-api-plugin\4.0.0-alpha-12\maven-api-plugin-4.0.0-alpha-12.jar;C:\Users\SAI\.m2\repository\org\eclipse\sisu\org.eclipse.sisu.plexus\0.9.0.M2\org.eclipse.sisu.plexus-0.9.0.M2.jar;C:\Users\SAI\.m2\repository\org\apache\maven\maven-model-builder\4.0.0-alpha-12\maven-model-builder-4.0.0-alpha-12.jar;C:\Users\SAI\.m2\repository\org\apache\maven\maven-resolver-provider\4.0.0-alpha-12\maven-resolver-provider-4.0.0-alpha-12.jar;C:\Users\SAI\.m2\repository\org\apache\maven\maven-api-core\4.0.0-alpha-12\maven-api-core-4.0.0-alpha-12.jar;C:\Users\SAI\.m2\repository\org\apache\maven\maven-api-meta\4.0.0-alpha-12\maven-api-meta-4.0.0-alpha-12.jar;C:\Users\SAI\.m2\repository\jakarta\inject\jakarta.inject-api\2.0.1\jakarta.inject-api-2.0.1.jar;C:\Users\SAI\.m2\repository\org\apache\maven\maven-api-spi\4.0.0-alpha-12\maven-api-spi-4.0.0-alpha-12.jar;C:\Users\SAI\.m2\repository\org\apache\maven\resolver\maven-resolver-api\2.0.0-alpha-6\maven-resolver-api-2.0.0-alpha-6.jar;C:\Users\SAI\.m2\repository\org\apache\maven\resolver\maven-resolver-spi\2.0.0-alpha-6\maven-resolver-spi-2.0.0-alpha-6.jar;C:\Users\SAI\.m2\repository\org\apache\maven\resolver\maven-resolver-util\2.0.0-alpha-6\maven-resolver-util-2.0.0-alpha-6.jar;C:\Users\SAI\.m2\repository\org\apache\maven\resolver\maven-resolver-impl\2.0.0-alpha-6\maven-resolver-impl-2.0.0-alpha-6.jar;C:\Users\SAI\.m2\repository\org\apache\maven\resolver\maven-resolver-named-locks\2.0.0-alpha-6\maven-resolver-named-locks-2.0.0-alpha-6.jar;C:\Users\SAI\.m2\repository\org\codehaus\plexus\plexus-classworlds\2.6.0\plexus-classworlds-2.6.0.jar;C:\Users\SAI\.m2\repository\com\jayway\jsonpath\json-path\2.9.0\json-path-2.9.0.jar;C:\Users\SAI\.m2\repository\net\minidev\json-smart\2.5.0\json-smart-2.5.0.jar;C:\Users\SAI\.m2\repository\net\minidev\accessors-smart\2.5.0\accessors-smart-2.5.0.jar;C:\Users\SAI\.m2\repository\org\ow2\asm\asm\9.3\asm-9.3.jar;C:\Users\SAI\.m2\repository\org\testng\testng\7.9.0\testng-7.9.0.jar;C:\Users\SAI\.m2\repository\com\beust\jcommander\1.82\jcommander-1.82.jar;C:\Users\SAI\.m2\repository\org\webjars\jquery\3.7.1\jquery-3.7.1.jar;C:\Users\SAI\.m2\repository\com\github\scribejava\scribejava-apis\8.3.3\scribejava-apis-8.3.3.jar;C:\Users\SAI\.m2\repository\com\github\scribejava\scribejava-core\8.3.3\scribejava-core-8.3.3.jar;C:\Users\SAI\.m2\repository\com\github\scribejava\scribejava-java8\8.3.3\scribejava-java8-8.3.3.jar;C:\Users\SAI\.m2\repository\com\fasterxml\jackson\core\jackson-databind\2.14.0\jackson-databind-2.14.0.jar;C:\Users\SAI\.m2\repository\com\fasterxml\jackson\core\jackson-annotations\2.14.0\jackson-annotations-2.14.0.jar;C:\Users\SAI\.m2\repository\com\fasterxml\jackson\core\jackson-core\2.14.0\jackson-core-2.14.0.jar;C:\Users\SAI\.m2\repository\com\google\code\gson\gson\2.10.1\gson-2.10.1.jar;C:\Users\SAI\.m2\repository\com\github\javafaker\javafaker\1.0.2\javafaker-1.0.2.jar;C:\Users\SAI\.m2\repository\org\apache\commons\commons-lang3\3.5\commons-lang3-3.5.jar;C:\Users\SAI\.m2\repository\org\yaml\snakeyaml\1.23\snakeyaml-1.23-android.jar;C:\Users\SAI\.m2\repository\com\github\mifmif\generex\1.0.2\generex-1.0.2.jar;C:\Users\SAI\.m2\repository\dk\brics\automaton\automaton\1.11-8\automaton-1.11-8.jar;C:\Users\SAI\.m2\repository\com\aventstack\extentreports\5.0.9\extentreports-5.0.9.jar;C:\Users\SAI\.m2\repository\io\reactivex\rxjava3\rxjava\3.0.4\rxjava-3.0.4.jar;C:\Users\SAI\.m2\repository\org\reactivestreams\reactive-streams\1.0.3\reactive-streams-1.0.3.jar;C:\Users\SAI\.m2\repository\org\freemarker\freemarker\2.3.30\freemarker-2.3.30.jar;C:\Users\SAI\.m2\repository\org\projectlombok\lombok\1.18.12\lombok-1.18.12.jar;C:\Users\SAI\.m2\repository\org\apache\poi\poi\5.2.5\poi-5.2.5.jar;C:\Users\SAI\.m2\repository\commons-codec\commons-codec\1.16.0\commons-codec-1.16.0.jar;C:\Users\SAI\.m2\repository\org\apache\commons\commons-collections4\4.4\commons-collections4-4.4.jar;C:\Users\SAI\.m2\repository\org\apache\commons\commons-math3\3.6.1\commons-math3-3.6.1.jar;C:\Users\SAI\.m2\repository\commons-io\commons-io\2.15.0\commons-io-2.15.0.jar;C:\Users\SAI\.m2\repository\com\zaxxer\SparseBitSet\1.3\SparseBitSet-1.3.jar;C:\Users\SAI\.m2\repository\org\apache\poi\poi-ooxml\5.2.5\poi-ooxml-5.2.5.jar;C:\Users\SAI\.m2\repository\org\apache\poi\poi-ooxml-lite\5.2.5\poi-ooxml-lite-5.2.5.jar;C:\Users\SAI\.m2\repository\org\apache\xmlbeans\xmlbeans\5.2.0\xmlbeans-5.2.0.jar;C:\Users\SAI\.m2\repository\org\apache\commons\commons-compress\1.25.0\commons-compress-1.25.0.jar;C:\Users\SAI\.m2\repository\com\github\virtuald\curvesapi\1.08\curvesapi-1.08.jar;C:\Users\SAI\.m2\repository\org\apache\logging\log4j\log4j-api\2.23.1\log4j-api-2.23.1.jar;C:\Users\SAI\.m2\repository\org\apache\logging\log4j\log4j-core\2.23.1\log4j-core-2.23.1.jar;"/>
    <property name="java.vm.vendor" value="Oracle Corporation"/>
    <property name="sun.arch.data.model" value="64"/>
    <property name="user.variant" value=""/>
    <property name="java.vendor.url" value="https://java.oracle.com/"/>
    <property name="user.timezone" value="Asia/Calcutta"/>
    <property name="os.name" value="Windows 10"/>
    <property name="java.vm.specification.version" value="18"/>
    <property name="sun.java.launcher" value="SUN_STANDARD"/>
    <property name="user.country" value="US"/>
    <property name="sun.boot.library.path" value="C:\Program Files\Java\jdk-18.0.1.1\bin"/>
    <property name="sun.java.command" value="C:\Users\SAI\AppData\Local\Temp\surefire17558551071133429730\surefirebooter-20240312085645773_3.jar C:\Users\SAI\AppData\Local\Temp\surefire17558551071133429730 2024-03-12T08-56-44_639-jvmRun1 surefire-20240312085645773_1tmp surefire_0-20240312085645773_2tmp"/>
    <property name="jdk.debug" value="release"/>
    <property name="surefire.test.class.path" value="C:\Users\SAI\eclipse-workspacenew\PetStoreAutomation\target\test-classes;C:\Users\SAI\eclipse-workspacenew\PetStoreAutomation\target\classes;C:\Users\SAI\.m2\repository\io\rest-assured\rest-assured\5.4.0\rest-assured-5.4.0.jar;C:\Users\SAI\.m2\repository\org\apache\groovy\groovy\4.0.16\groovy-4.0.16.jar;C:\Users\SAI\.m2\repository\org\apache\groovy\groovy-xml\4.0.16\groovy-xml-4.0.16.jar;C:\Users\SAI\.m2\repository\org\apache\httpcomponents\httpclient\4.5.13\httpclient-4.5.13.jar;C:\Users\SAI\.m2\repository\org\apache\httpcomponents\httpcore\4.4.13\httpcore-4.4.13.jar;C:\Users\SAI\.m2\repository\commons-logging\commons-logging\1.2\commons-logging-1.2.jar;C:\Users\SAI\.m2\repository\org\apache\httpcomponents\httpmime\4.5.13\httpmime-4.5.13.jar;C:\Users\SAI\.m2\repository\org\hamcrest\hamcrest\2.2\hamcrest-2.2.jar;C:\Users\SAI\.m2\repository\org\ccil\cowan\tagsoup\tagsoup\1.2.1\tagsoup-1.2.1.jar;C:\Users\SAI\.m2\repository\io\rest-assured\json-path\5.4.0\json-path-5.4.0.jar;C:\Users\SAI\.m2\repository\org\apache\groovy\groovy-json\4.0.16\groovy-json-4.0.16.jar;C:\Users\SAI\.m2\repository\io\rest-assured\rest-assured-common\5.4.0\rest-assured-common-5.4.0.jar;C:\Users\SAI\.m2\repository\io\rest-assured\xml-path\5.4.0\xml-path-5.4.0.jar;C:\Users\SAI\.m2\repository\org\json\json\20240205\json-20240205.jar;C:\Users\SAI\.m2\repository\net\reini\slf4-cdi\1.0\slf4-cdi-1.0.jar;C:\Users\SAI\.m2\repository\org\slf4j\slf4j-api\1.7.25\slf4j-api-1.7.25.jar;C:\Users\SAI\.m2\repository\javax\enterprise\cdi-api\1.2\cdi-api-1.2.jar;C:\Users\SAI\.m2\repository\javax\el\javax.el-api\3.0.0\javax.el-api-3.0.0.jar;C:\Users\SAI\.m2\repository\javax\interceptor\javax.interceptor-api\1.2\javax.interceptor-api-1.2.jar;C:\Users\SAI\.m2\repository\javax\inject\javax.inject\1\javax.inject-1.jar;C:\Users\SAI\.m2\repository\org\apache\maven\maven-core\4.0.0-alpha-12\maven-core-4.0.0-alpha-12.jar;C:\Users\SAI\.m2\repository\org\apache\maven\maven-model\4.0.0-alpha-12\maven-model-4.0.0-alpha-12.jar;C:\Users\SAI\.m2\repository\org\apache\maven\maven-api-model\4.0.0-alpha-12\maven-api-model-4.0.0-alpha-12.jar;C:\Users\SAI\.m2\repository\org\apache\maven\maven-api-xml\4.0.0-alpha-12\maven-api-xml-4.0.0-alpha-12.jar;C:\Users\SAI\.m2\repository\org\apache\maven\maven-xml-impl\4.0.0-alpha-12\maven-xml-impl-4.0.0-alpha-12.jar;C:\Users\SAI\.m2\repository\com\fasterxml\woodstox\woodstox-core\6.5.1\woodstox-core-6.5.1.jar;C:\Users\SAI\.m2\repository\org\codehaus\woodstox\stax2-api\4.2.1\stax2-api-4.2.1.jar;C:\Users\SAI\.m2\repository\org\codehaus\plexus\plexus-xml\4.0.1\plexus-xml-4.0.1.jar;C:\Users\SAI\.m2\repository\org\apache\maven\maven-settings\4.0.0-alpha-12\maven-settings-4.0.0-alpha-12.jar;C:\Users\SAI\.m2\repository\org\apache\maven\maven-api-settings\4.0.0-alpha-12\maven-api-settings-4.0.0-alpha-12.jar;C:\Users\SAI\.m2\repository\org\apache\maven\maven-settings-builder\4.0.0-alpha-12\maven-settings-builder-4.0.0-alpha-12.jar;C:\Users\SAI\.m2\repository\org\apache\maven\maven-builder-support\4.0.0-alpha-12\maven-builder-support-4.0.0-alpha-12.jar;C:\Users\SAI\.m2\repository\org\codehaus\plexus\plexus-sec-dispatcher\2.0\plexus-sec-dispatcher-2.0.jar;C:\Users\SAI\.m2\repository\org\codehaus\plexus\plexus-utils\3.4.1\plexus-utils-3.4.1.jar;C:\Users\SAI\.m2\repository\org\codehaus\plexus\plexus-cipher\2.0\plexus-cipher-2.0.jar;C:\Users\SAI\.m2\repository\org\codehaus\plexus\plexus-interpolation\1.26\plexus-interpolation-1.26.jar;C:\Users\SAI\.m2\repository\org\apache\maven\maven-toolchain-model\4.0.0-alpha-12\maven-toolchain-model-4.0.0-alpha-12.jar;C:\Users\SAI\.m2\repository\org\apache\maven\maven-api-toolchain\4.0.0-alpha-12\maven-api-toolchain-4.0.0-alpha-12.jar;C:\Users\SAI\.m2\repository\org\apache\maven\maven-toolchain-builder\4.0.0-alpha-12\maven-toolchain-builder-4.0.0-alpha-12.jar;C:\Users\SAI\.m2\repository\org\apache\maven\maven-repository-metadata\4.0.0-alpha-12\maven-repository-metadata-4.0.0-alpha-12.jar;C:\Users\SAI\.m2\repository\org\apache\maven\maven-artifact\4.0.0-alpha-12\maven-artifact-4.0.0-alpha-12.jar;C:\Users\SAI\.m2\repository\org\apache\maven\maven-plugin-api\4.0.0-alpha-12\maven-plugin-api-4.0.0-alpha-12.jar;C:\Users\SAI\.m2\repository\org\apache\maven\maven-api-plugin\4.0.0-alpha-12\maven-api-plugin-4.0.0-alpha-12.jar;C:\Users\SAI\.m2\repository\org\eclipse\sisu\org.eclipse.sisu.plexus\0.9.0.M2\org.eclipse.sisu.plexus-0.9.0.M2.jar;C:\Users\SAI\.m2\repository\org\apache\maven\maven-model-builder\4.0.0-alpha-12\maven-model-builder-4.0.0-alpha-12.jar;C:\Users\SAI\.m2\repository\org\apache\maven\maven-resolver-provider\4.0.0-alpha-12\maven-resolver-provider-4.0.0-alpha-12.jar;C:\Users\SAI\.m2\repository\org\apache\maven\maven-api-core\4.0.0-alpha-12\maven-api-core-4.0.0-alpha-12.jar;C:\Users\SAI\.m2\repository\org\apache\maven\maven-api-meta\4.0.0-alpha-12\maven-api-meta-4.0.0-alpha-12.jar;C:\Users\SAI\.m2\repository\jakarta\inject\jakarta.inject-api\2.0.1\jakarta.inject-api-2.0.1.jar;C:\Users\SAI\.m2\repository\org\apache\maven\maven-api-spi\4.0.0-alpha-12\maven-api-spi-4.0.0-alpha-12.jar;C:\Users\SAI\.m2\repository\org\apache\maven\resolver\maven-resolver-api\2.0.0-alpha-6\maven-resolver-api-2.0.0-alpha-6.jar;C:\Users\SAI\.m2\repository\org\apache\maven\resolver\maven-resolver-spi\2.0.0-alpha-6\maven-resolver-spi-2.0.0-alpha-6.jar;C:\Users\SAI\.m2\repository\org\apache\maven\resolver\maven-resolver-util\2.0.0-alpha-6\maven-resolver-util-2.0.0-alpha-6.jar;C:\Users\SAI\.m2\repository\org\apache\maven\resolver\maven-resolver-impl\2.0.0-alpha-6\maven-resolver-impl-2.0.0-alpha-6.jar;C:\Users\SAI\.m2\repository\org\apache\maven\resolver\maven-resolver-named-locks\2.0.0-alpha-6\maven-resolver-named-locks-2.0.0-alpha-6.jar;C:\Users\SAI\.m2\repository\org\codehaus\plexus\plexus-classworlds\2.6.0\plexus-classworlds-2.6.0.jar;C:\Users\SAI\.m2\repository\com\jayway\jsonpath\json-path\2.9.0\json-path-2.9.0.jar;C:\Users\SAI\.m2\repository\net\minidev\json-smart\2.5.0\json-smart-2.5.0.jar;C:\Users\SAI\.m2\repository\net\minidev\accessors-smart\2.5.0\accessors-smart-2.5.0.jar;C:\Users\SAI\.m2\repository\org\ow2\asm\asm\9.3\asm-9.3.jar;C:\Users\SAI\.m2\repository\org\testng\testng\7.9.0\testng-7.9.0.jar;C:\Users\SAI\.m2\repository\com\beust\jcommander\1.82\jcommander-1.82.jar;C:\Users\SAI\.m2\repository\org\webjars\jquery\3.7.1\jquery-3.7.1.jar;C:\Users\SAI\.m2\repository\com\github\scribejava\scribejava-apis\8.3.3\scribejava-apis-8.3.3.jar;C:\Users\SAI\.m2\repository\com\github\scribejava\scribejava-core\8.3.3\scribejava-core-8.3.3.jar;C:\Users\SAI\.m2\repository\com\github\scribejava\scribejava-java8\8.3.3\scribejava-java8-8.3.3.jar;C:\Users\SAI\.m2\repository\com\fasterxml\jackson\core\jackson-databind\2.14.0\jackson-databind-2.14.0.jar;C:\Users\SAI\.m2\repository\com\fasterxml\jackson\core\jackson-annotations\2.14.0\jackson-annotations-2.14.0.jar;C:\Users\SAI\.m2\repository\com\fasterxml\jackson\core\jackson-core\2.14.0\jackson-core-2.14.0.jar;C:\Users\SAI\.m2\repository\com\google\code\gson\gson\2.10.1\gson-2.10.1.jar;C:\Users\SAI\.m2\repository\com\github\javafaker\javafaker\1.0.2\javafaker-1.0.2.jar;C:\Users\SAI\.m2\repository\org\apache\commons\commons-lang3\3.5\commons-lang3-3.5.jar;C:\Users\SAI\.m2\repository\org\yaml\snakeyaml\1.23\snakeyaml-1.23-android.jar;C:\Users\SAI\.m2\repository\com\github\mifmif\generex\1.0.2\generex-1.0.2.jar;C:\Users\SAI\.m2\repository\dk\brics\automaton\automaton\1.11-8\automaton-1.11-8.jar;C:\Users\SAI\.m2\repository\com\aventstack\extentreports\5.0.9\extentreports-5.0.9.jar;C:\Users\SAI\.m2\repository\io\reactivex\rxjava3\rxjava\3.0.4\rxjava-3.0.4.jar;C:\Users\SAI\.m2\repository\org\reactivestreams\reactive-streams\1.0.3\reactive-streams-1.0.3.jar;C:\Users\SAI\.m2\repository\org\freemarker\freemarker\2.3.30\freemarker-2.3.30.jar;C:\Users\SAI\.m2\repository\org\projectlombok\lombok\1.18.12\lombok-1.18.12.jar;C:\Users\SAI\.m2\repository\org\apache\poi\poi\5.2.5\poi-5.2.5.jar;C:\Users\SAI\.m2\repository\commons-codec\commons-codec\1.16.0\commons-codec-1.16.0.jar;C:\Users\SAI\.m2\repository\org\apache\commons\commons-collections4\4.4\commons-collections4-4.4.jar;C:\Users\SAI\.m2\repository\org\apache\commons\commons-math3\3.6.1\commons-math3-3.6.1.jar;C:\Users\SAI\.m2\repository\commons-io\commons-io\2.15.0\commons-io-2.15.0.jar;C:\Users\SAI\.m2\repository\com\zaxxer\SparseBitSet\1.3\SparseBitSet-1.3.jar;C:\Users\SAI\.m2\repository\org\apache\poi\poi-ooxml\5.2.5\poi-ooxml-5.2.5.jar;C:\Users\SAI\.m2\repository\org\apache\poi\poi-ooxml-lite\5.2.5\poi-ooxml-lite-5.2.5.jar;C:\Users\SAI\.m2\repository\org\apache\xmlbeans\xmlbeans\5.2.0\xmlbeans-5.2.0.jar;C:\Users\SAI\.m2\repository\org\apache\commons\commons-compress\1.25.0\commons-compress-1.25.0.jar;C:\Users\SAI\.m2\repository\com\github\virtuald\curvesapi\1.08\curvesapi-1.08.jar;C:\Users\SAI\.m2\repository\org\apache\logging\log4j\log4j-api\2.23.1\log4j-api-2.23.1.jar;C:\Users\SAI\.m2\repository\org\apache\logging\log4j\log4j-core\2.23.1\log4j-core-2.23.1.jar;"/>
    <property name="sun.cpu.endian" value="little"/>
    <property name="user.home" value="C:\Users\SAI"/>
    <property name="user.language" value="en"/>
    <property name="java.specification.vendor" value="Oracle Corporation"/>
    <property name="java.version.date" value="2022-04-22"/>
    <property name="java.home" value="C:\Program Files\Java\jdk-18.0.1.1"/>
    <property name="file.separator" value="\"/>
    <property name="basedir" value="C:\Users\SAI\eclipse-workspacenew\PetStoreAutomation"/>
    <property name="style.color" value="always"/>
    <property name="java.vm.compressedOopsMode" value="32-bit"/>
    <property name="line.separator" value="&#10;"/>
    <property name="java.vm.specification.vendor" value="Oracle Corporation"/>
    <property name="java.specification.name" value="Java Platform API Specification"/>
    <property name="surefire.real.class.path" value="C:\Users\SAI\AppData\Local\Temp\surefire17558551071133429730\surefirebooter-20240312085645773_3.jar"/>
    <property name="user.script" value=""/>
    <property name="sun.management.compiler" value="HotSpot 64-Bit Tiered Compilers"/>
    <property name="java.runtime.version" value="18.0.1.1+2-6"/>
    <property name="user.name" value="SAI"/>
    <property name="path.separator" value=";"/>
    <property name="os.version" value="10.0"/>
    <property name="java.runtime.name" value="Java(TM) SE Runtime Environment"/>
    <property name="file.encoding" value="UTF-8"/>
    <property name="java.vm.name" value="Java HotSpot(TM) 64-Bit Server VM"/>
    <property name="localRepository" value="C:\Users\SAI\.m2\repository"/>
    <property name="java.vendor.url.bug" value="https://bugreport.java.com/bugreport/"/>
    <property name="java.io.tmpdir" value="C:\Users\SAI\AppData\Local\Temp\"/>
    <property name="java.version" value="18.0.1.1"/>
    <property name="user.dir" value="C:\Users\SAI\eclipse-workspacenew\PetStoreAutomation"/>
    <property name="os.arch" value="amd64"/>
    <property name="java.vm.specification.name" value="Java Virtual Machine Specification"/>
    <property name="sun.os.patch.level" value=""/>
    <property name="native.encoding" value="Cp1252"/>
    <property name="java.library.path" value="C:\Program Files\Java\jdk-18.0.1.1\bin;C:\WINDOWS\Sun\Java\bin;C:\WINDOWS\system32;C:\WINDOWS;C:\Program Files\Common Files\Oracle\Java\javapath;C:\WINDOWS\system32;C:\WINDOWS;C:\WINDOWS\System32\Wbem;C:\WINDOWS\System32\WindowsPowerShell\v1.0\;C:\WINDOWS\System32\OpenSSH\;C:\Program Files\nodejs\node_modules;C:\Program Files\nodejs\;C:\apache-maven-3.9.6\bin;C:\Program Files\Git\cmd;C:\Users\SAI\AppData\Local\Microsoft\WindowsApps;C:\Users\SAI\AppData\Roaming\npm;."/>
    <property name="java.vm.info" value="mixed mode, sharing"/>
    <property name="java.vendor" value="Oracle Corporation"/>
    <property name="java.vm.version" value="18.0.1.1+2-6"/>
    <property name="sun.io.unicode.encoding" value="UnicodeLittle"/>
    <property name="java.class.version" value="62.0"/>
  </properties>
  <testcase name="testPostUser" classname="api.test.UserTests2" time="7.175">
    <system-out><![CDATA[HTTP/1.1 200 OK
Date: Tue, 12 Mar 2024 03:26:57 GMT
Content-Type: application/json
Transfer-Encoding: chunked
Connection: keep-alive
Access-Control-Allow-Origin: *
Access-Control-Allow-Methods: GET, POST, DELETE, PUT
Access-Control-Allow-Headers: Content-Type, api_key, Authorization
Server: Jetty(9.2.9.v20150224)

{
    "code": 200,
    "type": "unknown",
    "message": "2050462663"
}
]]></system-out>
    <system-err><![CDATA[SLF4J: Failed to load class "org.slf4j.impl.StaticLoggerBinder".
SLF4J: Defaulting to no-operation (NOP) logger implementation
SLF4J: See http://www.slf4j.org/codes.html#StaticLoggerBinder for further details.
]]></system-err>
  </testcase>
  <testcase name="testGetUser" classname="api.test.UserTests2" time="2.257">
    <system-out><![CDATA[HTTP/1.1 200 OK
Date: Tue, 12 Mar 2024 03:27:00 GMT
Content-Type: application/json
Transfer-Encoding: chunked
Connection: keep-alive
Access-Control-Allow-Origin: *
Access-Control-Allow-Methods: GET, POST, DELETE, PUT
Access-Control-Allow-Headers: Content-Type, api_key, Authorization
Server: Jetty(9.2.9.v20150224)

{
    "id": 2050462663,
    "username": "elwood.damore",
    "firstName": "Otis",
    "lastName": "Abshire",
    "email": "ross.herzog@example.com",
    "password": "r4nxqpc",
    "phone": "254.469.2224",
    "userStatus": 0
}
]]></system-out>
  </testcase>
  <testcase name="testUpdateUser" classname="api.test.UserTests2" time="4.794">
    <system-out><![CDATA[HTTP/1.1 200 OK
Date: Tue, 12 Mar 2024 03:27:02 GMT
Content-Type: application/json
Transfer-Encoding: chunked
Connection: keep-alive
Access-Control-Allow-Origin: *
Access-Control-Allow-Methods: GET, POST, DELETE, PUT
Access-Control-Allow-Headers: Content-Type, api_key, Authorization
Server: Jetty(9.2.9.v20150224)

{
    "code": 200,
    "type": "unknown",
    "message": "2050462663"
}
{
    "code": 200,
    "type": "unknown",
    "message": "2050462663"
}
HTTP/1.1 200 OK
Date: Tue, 12 Mar 2024 03:27:04 GMT
Content-Type: application/json
Transfer-Encoding: chunked
Connection: keep-alive
Access-Control-Allow-Origin: *
Access-Control-Allow-Methods: GET, POST, DELETE, PUT
Access-Control-Allow-Headers: Content-Type, api_key, Authorization
Server: Jetty(9.2.9.v20150224)

{
    "id": 2050462663,
    "username": "elwood.damore",
    "firstName": "Tommy",
    "lastName": "Hackett",
    "email": "hosea.gerhold@example.com",
    "password": "r4nxqpc",
    "phone": "254.469.2224",
    "userStatus": 0
}
]]></system-out>
  </testcase>
  <testcase name="testDeleteUser" classname="api.test.UserTests2" time="2.223"/>
</testsuite>