<?xml version="1.0" encoding="UTF-8"?>
<!-- Generated by org.testng.reporters.JUnitReportReporter -->
<testsuite hostname="DESKTOP-DPRKKQA" failures="0" tests="4" name="api.test.UserTests" time="11.802" errors="0" timestamp="2024-03-11T09:57:40 IST" skipped="0">
  <testcase classname="api.test.UserTests" name="testPostUser" time="5.834"/>
  <testcase classname="api.test.UserTests" name="testGetUser" time="1.568"/>
  <testcase classname="api.test.UserTests" name="testUpdateUser" time="3.015"/>
  <testcase classname="api.test.UserTests" name="testDeleteUser" time="1.385"/>
</testsuite> <!-- api.test.UserTests -->
