<?xml version="1.0" encoding="UTF-8"?>
<!-- Generated by org.testng.reporters.JUnitReportReporter -->
<testsuite hostname="DESKTOP-DPRKKQA" failures="0" tests="4" name="api.test.UserTests2" time="16.067" errors="0" timestamp="2024-03-11T13:14:06 IST" skipped="0">
  <testcase classname="api.test.UserTests2" name="testPostUser" time="7.963"/>
  <testcase classname="api.test.UserTests2" name="testGetUser" time="2.155"/>
  <testcase classname="api.test.UserTests2" name="testUpdateUser" time="3.906"/>
  <testcase classname="api.test.UserTests2" name="testDeleteUser" time="2.043"/>
</testsuite> <!-- api.test.UserTests2 -->
