<?xml version="1.0" encoding="UTF-8"?>
<!-- Generated by org.testng.reporters.JUnitReportReporter -->
<testsuite hostname="DESKTOP-DPRKKQA" failures="0" tests="4" name="api.test.UserTests2" time="16.409" errors="0" timestamp="2024-03-12T08:57:09 IST" skipped="0">
  <testcase classname="api.test.UserTests2" name="testPostUser" time="7.142"/>
  <testcase classname="api.test.UserTests2" name="testGetUser" time="2.239"/>
  <testcase classname="api.test.UserTests2" name="testUpdateUser" time="4.793"/>
  <testcase classname="api.test.UserTests2" name="testDeleteUser" time="2.235"/>
</testsuite> <!-- api.test.UserTests2 -->
