<?xml version="1.0" encoding="UTF-8"?>
<!-- Generated by org.testng.reporters.JUnitReportReporter -->
<testsuite hostname="DESKTOP-DPRKKQA" failures="0" tests="4" name="api.test.UserTests2" time="15.852" errors="0" timestamp="2024-03-11T14:02:34 IST" skipped="0">
  <testcase classname="api.test.UserTests2" name="testPostUser" time="8.351"/>
  <testcase classname="api.test.UserTests2" name="testGetUser" time="1.962"/>
  <testcase classname="api.test.UserTests2" name="testUpdateUser" time="3.772"/>
  <testcase classname="api.test.UserTests2" name="testDeleteUser" time="1.767"/>
</testsuite> <!-- api.test.UserTests2 -->
